<?xml version="1.0" encoding="UTF-8" ?>
<testsuite tests="5" failures="0" name="controller.test.IpPortHandlerTest" time="0" errors="0" skipped="0">
  <properties>
[...]
</properties>
  <testcase classname="controller.test.IpPortHandlerTest" name="releaseServerPortReservedByIpPortHandler_TryToConnectToReservedPort_IsTheSamePortReservedAgain" time="0"/>
  <testcase classname="controller.test.IpPortHandlerTest" name="releaseClientPortReservedByIpPortHandler_TryToConnectToReservedPort_IsTheSamePortReservedAgain" time="0"/>
  <testcase classname="controller.test.IpPortHandlerTest" name="fetchServerPortReservedByIpPortHandler_TryToConnectToReservedPort_IsSocketExceptionThrown" time="0"/>
  <testcase classname="controller.test.IpPortHandlerTest" name="findLocalIpAddress_SetIpAddressInNode_IsVariableIpAddressSameAsLocalIpAddress" time="0"/>
  <testcase classname="controller.test.IpPortHandlerTest" name="fetchClientPortReservedByIpPortHandler_TryToConnectToReservedPort_IsSocketExceptionThrown" time="0"/>
</testsuite>